<?xml version="1.0" encoding="UTF-8"?>
<!-- Generated by org.testng.reporters.JUnitXMLReporter -->
<testsuite ignored="6" hostname="DESKTOP-9446LLP" failures="0" tests="4" name="test1" time="158.96" errors="0" timestamp="15 3月 2020 15:46:11 GMT">
  <testcase classname="testCase.LoginCase" name="loginTest" time="22.822"/>
  <testcase classname="testCase.SearchGoodsCase" name="searchGoodsTest" time="30.063"/>
  <testcase classname="testCase.AddGoodsCartCase" name="cancelCollectionTest" time="12.704"/>
  <testcase classname="testCase.CartBuyCase" name="cartAccountTest" time="92.395"/>
  <testcase classname="Base.DriverBase" name="@BeforeSuite doBeforeSuite" time="0.0">
    <ignored/>
  </testcase> <!-- @BeforeSuite doBeforeSuite -->
  <testcase classname="Base.DriverBase" name="@BeforeSuite doBeforeSuite" time="0.0">
    <ignored/>
  </testcase> <!-- @BeforeSuite doBeforeSuite -->
  <testcase classname="Base.DriverBase" name="@BeforeSuite doBeforeSuite" time="0.0">
    <ignored/>
  </testcase> <!-- @BeforeSuite doBeforeSuite -->
  <testcase classname="Base.DriverBase" name="@AfterSuite doAfterMethod" time="0.0">
    <ignored/>
  </testcase> <!-- @AfterSuite doAfterMethod -->
  <testcase classname="Base.DriverBase" name="@AfterSuite doAfterMethod" time="0.0">
    <ignored/>
  </testcase> <!-- @AfterSuite doAfterMethod -->
  <testcase classname="Base.DriverBase" name="@AfterSuite doAfterMethod" time="0.0">
    <ignored/>
  </testcase> <!-- @AfterSuite doAfterMethod -->
</testsuite> <!-- test1 -->
