<?xml version="1.0" encoding="UTF-8"?>
<testng-results ignored="6" total="10" passed="4" failed="0" skipped="0">
  <reporter-output>
  </reporter-output>
  <suite started-at="2020-03-15T15:43:32Z" name="s1" finished-at="2020-03-15T15:46:11Z" duration-ms="158960">
    <groups>
    </groups>
    <test started-at="2020-03-15T15:43:32Z" name="test1" finished-at="2020-03-15T15:46:11Z" duration-ms="158960">
      <class name="testCase.LoginCase">
        <test-method is-config="true" signature="doBeforeSuite()[pri:0, instance:testCase.LoginCase@2f217633]" started-at="2020-03-15T15:43:19Z" name="doBeforeSuite" finished-at="2020-03-15T15:43:32Z" duration-ms="12786" status="PASS">
          <reporter-output>
          </reporter-output>
        </test-method> <!-- doBeforeSuite -->
        <test-method is-config="true" signature="setup()[pri:0, instance:testCase.LoginCase@2f217633]" started-at="2020-03-15T15:43:33Z" name="setup" finished-at="2020-03-15T15:43:33Z" duration-ms="24" status="PASS">
          <reporter-output>
          </reporter-output>
        </test-method> <!-- setup -->
        <test-method signature="loginTest(java.lang.String, java.lang.String)[pri:0, instance:testCase.LoginCase@2f217633]" started-at="2020-03-15T15:43:33Z" name="loginTest" data-provider="login" finished-at="2020-03-15T15:43:56Z" duration-ms="22822" status="PASS">
          <params>
            <param index="0">
              <value>
                <![CDATA[admin]]>
              </value>
            </param>
            <param index="1">
              <value>
                <![CDATA[123456]]>
              </value>
            </param>
          </params>
          <reporter-output>
          </reporter-output>
        </test-method> <!-- loginTest -->
        <test-method is-config="true" signature="doAfterMethod()[pri:0, instance:testCase.LoginCase@2f217633]" started-at="2020-03-15T15:46:11Z" name="doAfterMethod" finished-at="2020-03-15T15:46:12Z" duration-ms="1186" status="PASS">
          <reporter-output>
          </reporter-output>
        </test-method> <!-- doAfterMethod -->
      </class> <!-- testCase.LoginCase -->
      <class name="testCase.CartBuyCase">
        <test-method is-config="true" signature="setup()[pri:0, instance:testCase.CartBuyCase@5acf93bb]" started-at="2020-03-15T15:44:39Z" name="setup" finished-at="2020-03-15T15:44:39Z" duration-ms="16" status="PASS">
          <reporter-output>
          </reporter-output>
        </test-method> <!-- setup -->
        <test-method signature="cartAccountTest(java.lang.String, java.lang.String, java.lang.String, java.lang.String, java.lang.String, java.lang.String)[pri:0, instance:testCase.CartBuyCase@5acf93bb]" started-at="2020-03-15T15:44:39Z" name="cartAccountTest" data-provider="address" finished-at="2020-03-15T15:46:11Z" duration-ms="92395" status="PASS">
          <params>
            <param index="0">
              <value>
                <![CDATA[三四]]>
              </value>
            </param>
            <param index="1">
              <value>
                <![CDATA[11111111111]]>
              </value>
            </param>
            <param index="2">
              <value>
                <![CDATA[北京市]]>
              </value>
            </param>
            <param index="3">
              <value>
                <![CDATA[东城区]]>
              </value>
            </param>
            <param index="4">
              <value>
                <![CDATA[东华门街道]]>
              </value>
            </param>
            <param index="5">
              <value>
                <![CDATA[帆帆帆帆帆帆帆帆帆帆]]>
              </value>
            </param>
          </params>
          <reporter-output>
          </reporter-output>
        </test-method> <!-- cartAccountTest -->
      </class> <!-- testCase.CartBuyCase -->
      <class name="testCase.AddGoodsCartCase">
        <test-method is-config="true" signature="setup()[pri:0, instance:testCase.AddGoodsCartCase@1a18644]" started-at="2020-03-15T15:44:26Z" name="setup" finished-at="2020-03-15T15:44:26Z" duration-ms="11" status="PASS">
          <reporter-output>
          </reporter-output>
        </test-method> <!-- setup -->
        <test-method signature="cancelCollectionTest()[pri:0, instance:testCase.AddGoodsCartCase@1a18644]" started-at="2020-03-15T15:44:26Z" name="cancelCollectionTest" finished-at="2020-03-15T15:44:39Z" duration-ms="12704" status="PASS">
          <reporter-output>
          </reporter-output>
        </test-method> <!-- cancelCollectionTest -->
      </class> <!-- testCase.AddGoodsCartCase -->
      <class name="testCase.SearchGoodsCase">
        <test-method is-config="true" signature="setup()[pri:0, instance:testCase.SearchGoodsCase@a530d0a]" started-at="2020-03-15T15:43:56Z" name="setup" finished-at="2020-03-15T15:43:56Z" duration-ms="4" status="PASS">
          <reporter-output>
          </reporter-output>
        </test-method> <!-- setup -->
        <test-method signature="searchGoodsTest()[pri:0, instance:testCase.SearchGoodsCase@a530d0a]" started-at="2020-03-15T15:43:56Z" name="searchGoodsTest" finished-at="2020-03-15T15:44:26Z" duration-ms="30063" status="PASS">
          <reporter-output>
          </reporter-output>
        </test-method> <!-- searchGoodsTest -->
      </class> <!-- testCase.SearchGoodsCase -->
    </test> <!-- test1 -->
  </suite> <!-- s1 -->
</testng-results>
